Arguments: 
  /home/chariss/.nvm/versions/node/v18.13.0/bin/node /home/chariss/.nvm/versions/node/v18.13.0/bin/yarn publish

PATH: 
  /home/chariss/.nvm/versions/node/v18.13.0/bin:/home/chariss/dev/personal/depot_tools:/home/chariss/.nvm/versions/node/v18.13.0/bin:/home/chariss/bin:/usr/local/bin:/home/chariss/.nvm/versions/node/v18.13.0/bin:/home/chariss/dev/personal/depot_tools:/home/chariss/.nvm/versions/node/v18.13.0/bin:/home/chariss/bin:/usr/local/bin:/usr/local/bin:/usr/bin:/bin:/usr/games:/home/chariss/.nvm/versions/node/v18.13.0/bin/yarn:/usr/bin/Postman:/home/chariss/.nvm/versions/node/v18.13.0/bin/yarn:/usr/bin/Postman

Yarn version: 
  1.22.19

Node version: 
  18.13.0

Platform: 
  linux x64

Trace: 
  Error: https://registry.yarnpkg.com/-/user/org.couchdb.user:chariss: failed to authenticate: Could not authenticate chariss: bad password
      at params.callback [as _callback] (/home/chariss/.nvm/versions/node/v18.13.0/lib/node_modules/yarn/lib/cli.js:66145:18)
      at self.callback (/home/chariss/.nvm/versions/node/v18.13.0/lib/node_modules/yarn/lib/cli.js:140890:22)
      at Request.emit (node:events:513:28)
      at Request.<anonymous> (/home/chariss/.nvm/versions/node/v18.13.0/lib/node_modules/yarn/lib/cli.js:141862:10)
      at Request.emit (node:events:513:28)
      at IncomingMessage.<anonymous> (/home/chariss/.nvm/versions/node/v18.13.0/lib/node_modules/yarn/lib/cli.js:141784:12)
      at Object.onceWrapper (node:events:627:28)
      at IncomingMessage.emit (node:events:525:35)
      at endReadableNT (node:internal/streams/readable:1359:12)
      at process.processTicksAndRejections (node:internal/process/task_queues:82:21)

npm manifest: 
  {
    "name": "@karissa32/common",
    "version": "1.0.7",
    "description": "",
    "main": "./build/index.js",
    "types": "./build/index.d.ts",
    "files": [
      "build/**/*"
    ],
    "scripts": {
      "clean": "del ./build/*",
      "build": "npm run clean && tsc",
      "pub": "git add . && git commit -m \"Updates\" && npm version patch && npm run build && npm publish"
    },
    "keywords": [],
    "author": "",
    "license": "ISC",
    "devDependencies": {
      "del-cli": "^5.0.0",
      "typescript": "^5.0.4"
    },
    "dependencies": {
      "@types/cookie-session": "^2.0.44",
      "@types/express": "^4.17.17",
      "@types/jsonwebtoken": "^9.0.2",
      "cookie-session": "^2.0.0",
      "express": "^4.18.2",
      "express-validator": "^7.0.1",
      "jsonwebtoken": "^9.0.1"
    }
  }

yarn manifest: 
  No manifest

Lockfile: 
  No lockfile
